<?xml version="1.0" encoding="UTF-8"?>
<!-- Generated by org.testng.reporters.JUnitReportReporter -->
<testsuite hostname="DESKTOP-RIHRRO9" name="test_runner.Test_Runner" tests="1" failures="0" timestamp="8 Dec 2020 04:37:25 GMT" time="54.044" errors="0">
  <testcase name="feature" time="54.044" classname="test_runner.Test_Runner"/>
</testsuite> <!-- test_runner.Test_Runner -->
